
Starting job 0 at Fri 14 Feb 2025 03:35:02 PM AEDT
Job 0 finished at Sat 15 Feb 2025 01:42:29 AM AEDT. Job_id 127676 Duration: 36447 seconds.
Starting job 1 at Sat 15 Feb 2025 01:42:29 AM AEDT
Job 1 finished at Sat 15 Feb 2025 11:43:59 AM AEDT. Job_id 165477 Duration: 36090 seconds.
Starting job 2 at Sat 15 Feb 2025 11:43:59 AM AEDT
Job 2 finished at Sat 15 Feb 2025 12:13:02 PM AEDT. Job_id 171012 Duration: 1743 seconds.
Starting job 3 at Sat 15 Feb 2025 12:13:02 PM AEDT
Job 3 finished at Sat 15 Feb 2025 12:35:04 PM AEDT. Job_id 171373 Duration: 1322 seconds.
Starting job 4 at Sat 15 Feb 2025 12:35:04 PM AEDT
Job 4 finished at Sat 15 Feb 2025 01:03:05 PM AEDT. Job_id 171807 Duration: 1681 seconds.
Starting job 5 at Sat 15 Feb 2025 01:03:05 PM AEDT
Job 5 finished at Sat 15 Feb 2025 01:24:05 PM AEDT. Job_id 172757 Duration: 1260 seconds.
Starting job 6 at Sat 15 Feb 2025 01:24:05 PM AEDT
Job 6 finished at Sat 15 Feb 2025 01:38:06 PM AEDT. Job_id 174237 Duration: 841 seconds.
Starting job 7 at Sat 15 Feb 2025 01:38:06 PM AEDT
Job 7 finished at Sat 15 Feb 2025 01:51:06 PM AEDT. Job_id 174822 Duration: 780 seconds.
Starting job 8 at Sat 15 Feb 2025 01:51:07 PM AEDT
Job 8 finished at Sat 15 Feb 2025 02:05:07 PM AEDT. Job_id 175216 Duration: 840 seconds.
Starting job 9 at Sat 15 Feb 2025 02:05:07 PM AEDT
Job 9 finished at Sat 15 Feb 2025 02:05:07 PM AEDT. Job_id  Duration: 0 seconds.
Starting job 10 at Sat 15 Feb 2025 02:05:07 PM AEDT
Job 10 finished at Sat 15 Feb 2025 02:25:08 PM AEDT. Job_id 175611 Duration: 1201 seconds.
Starting job 11 at Sat 15 Feb 2025 02:25:08 PM AEDT
Job 11 finished at Sat 15 Feb 2025 02:40:10 PM AEDT. Job_id 176095 Duration: 902 seconds.
Starting job 12 at Sat 15 Feb 2025 02:40:10 PM AEDT
Job 12 finished at Sat 15 Feb 2025 02:54:11 PM AEDT. Job_id 176453 Duration: 841 seconds.
Starting job 13 at Sat 15 Feb 2025 02:54:11 PM AEDT
Job 13 finished at Sat 15 Feb 2025 03:07:12 PM AEDT. Job_id 176854 Duration: 781 seconds.
Starting job 14 at Sat 15 Feb 2025 03:07:12 PM AEDT
Job 14 finished at Sat 15 Feb 2025 03:20:13 PM AEDT. Job_id 177293 Duration: 781 seconds.
Starting job 15 at Sat 15 Feb 2025 03:20:13 PM AEDT
Job 15 finished at Sat 15 Feb 2025 03:32:13 PM AEDT. Job_id 177721 Duration: 720 seconds.
Starting job 16 at Sat 15 Feb 2025 03:32:14 PM AEDT
Job 16 finished at Sat 15 Feb 2025 03:44:14 PM AEDT. Job_id 178104 Duration: 720 seconds.
Starting job 17 at Sat 15 Feb 2025 03:44:14 PM AEDT
Job 17 finished at Sat 15 Feb 2025 03:56:20 PM AEDT. Job_id 178547 Duration: 726 seconds.
Starting job 18 at Sat 15 Feb 2025 03:56:20 PM AEDT
Job 18 finished at Sat 15 Feb 2025 03:56:20 PM AEDT. Job_id  Duration: 0 seconds.
Starting job 19 at Sat 15 Feb 2025 03:56:20 PM AEDT
Job 19 finished at Sat 15 Feb 2025 03:56:21 PM AEDT. Job_id  Duration: 1 seconds.
