
Starting job 10 at Wed 05 Feb 2025 10:38:45 AM AEDT
Job 10 finished at Wed 05 Feb 2025 08:30:03 PM AEDT. Duration: 35478 seconds.
Starting job 11 at Wed 05 Feb 2025 08:30:03 PM AEDT
Job 11 finished at Thu 06 Feb 2025 02:26:12 AM AEDT. Duration: 21369 seconds.
Starting job 12 at Thu 06 Feb 2025 02:26:12 AM AEDT
Job 12 finished at Thu 06 Feb 2025 10:38:27 AM AEDT. Duration: 29535 seconds.
Starting job 13 at Thu 06 Feb 2025 10:38:27 AM AEDT
Job 13 finished at Thu 06 Feb 2025 06:38:46 PM AEDT. Duration: 28819 seconds.
Starting job 14 at Thu 06 Feb 2025 06:38:46 PM AEDT
Job 14 finished at Fri 07 Feb 2025 01:40:02 AM AEDT. Duration: 25276 seconds.
Starting job 15 at Fri 07 Feb 2025 01:40:02 AM AEDT
Job 15 finished at Fri 07 Feb 2025 01:41:39 PM AEDT. Duration: 43297 seconds.
Starting job 16 at Fri 07 Feb 2025 01:41:39 PM AEDT
Job 16 finished at Sat 08 Feb 2025 01:21:16 AM AEDT. Duration: 41977 seconds.
Starting job 17 at Sat 08 Feb 2025 01:21:16 AM AEDT
Job 17 finished at Sat 08 Feb 2025 12:07:36 PM AEDT. Duration: 38780 seconds.
Starting job 18 at Sat 08 Feb 2025 12:07:36 PM AEDT
Job 18 finished at Sat 08 Feb 2025 01:34:40 PM AEDT. Duration: 5224 seconds.
Starting job 19 at Sat 08 Feb 2025 01:34:40 PM AEDT
Job 19 finished at Sun 09 Feb 2025 01:33:05 AM AEDT. Duration: 43105 seconds.
Starting job 20 at Sun 09 Feb 2025 01:33:05 AM AEDT
Job 20 finished at Sun 09 Feb 2025 02:30:08 AM AEDT. Duration: 3423 seconds.
Starting job 21 at Sun 09 Feb 2025 02:30:08 AM AEDT
Job 21 finished at Sun 09 Feb 2025 03:28:11 AM AEDT. Duration: 3483 seconds.
